[06:58:41] [ServerMain/INFO]: Environment: authHost='https://authserver.mojang.com', accountsHost='https://api.mojang.com', sessionHost='https://sessionserver.mojang.com', servicesHost='https://api.minecraftservices.com', name='PROD'
[06:58:41] [ServerMain/INFO]: Found new data pack file/bukkit, loading it automatically
[06:58:43] [ServerMain/INFO]: Loaded 7 recipes
[06:58:43] [Server thread/INFO]: Starting minecraft server version 1.20
[06:58:43] [Server thread/INFO]: Loading properties
[06:58:43] [Server thread/INFO]: This server is running Paper version git-Paper-17 (MC: 1.20) (Implementing API version 1.20-R0.1-SNAPSHOT) (Git: c287e92)
[06:58:43] [Server thread/INFO]: Server Ping Player Sample Count: 12
[06:58:43] [Server thread/INFO]: Using 4 threads for Netty based IO
[06:58:43] [Server thread/INFO]: [ChunkTaskScheduler] Chunk system is using 1 I/O threads, 1 worker threads, and gen parallelism of 1 threads
[06:58:43] [Server thread/WARN]: [!] The timings profiler has been enabled but has been scheduled for removal from Paper in the future.
    We recommend installing the spark profiler as a replacement: https://spark.lucko.me/
    For more information please visit: https://github.com/PaperMC/Paper/issues/8948
[06:58:44] [Server thread/INFO]: Default game type: SURVIVAL
[06:58:44] [Server thread/INFO]: Generating keypair
[06:58:44] [Server thread/INFO]: Starting Minecraft server on *:25565
[06:58:44] [Server thread/INFO]: Using epoll channel type
[06:58:44] [Server thread/INFO]: Paper: Using libdeflate (Linux x86_64) compression from Velocity.
[06:58:44] [Server thread/INFO]: Paper: Using OpenSSL 1.1.x (Linux x86_64) cipher from Velocity.
[06:58:44] [Server thread/WARN]: **** SERVER IS RUNNING IN OFFLINE/INSECURE MODE!
[06:58:44] [Server thread/WARN]: The server will make no attempt to authenticate usernames. Beware.
[06:58:44] [Server thread/WARN]: While this makes the game possible to play without internet access, it also opens up the ability for hackers to connect with any username they choose.
[06:58:44] [Server thread/WARN]: To change this, set "online-mode" to "true" in the server.properties file.
[06:58:44] [Server thread/INFO]: Preparing level "world"
[06:58:54] [Server thread/INFO]: Preparing start region for dimension minecraft:overworld
[06:58:54] [Server thread/INFO]: Time elapsed: 158 ms
[06:58:54] [Server thread/INFO]: Preparing start region for dimension minecraft:the_nether
[06:58:54] [Server thread/INFO]: Time elapsed: 173 ms
[06:58:54] [Server thread/INFO]: Preparing start region for dimension minecraft:the_end
[06:58:54] [Server thread/INFO]: Time elapsed: 142 ms
[06:58:54] [Server thread/INFO]: Running delayed init tasks
[06:58:54] [Server thread/INFO]: Done (11.121s)! For help, type "help"
[06:58:54] [Server thread/INFO]: Timings Reset
